Retrieving project…
Deploying xutianze007-svgs-projects/tim-tsui-portfolio
Uploading [--------------------] (0.0B/77B)
Uploading [====================] (77.0B/77B)
Inspect: https://vercel.com/xutianze007-svgs-projects/tim-tsui-portfolio/8NtLmcB8ymBeAC8pMNvBVemM6wJu [5s]
Production: https://tim-tsui-portfolio-3toi8ocwq-xutianze007-svgs-projects.vercel.app [5s]
https://tim-tsui-portfolio-3toi8ocwq-xutianze007-svgs-projects.vercel.appBuilding...
Building...
Building: Running build in Washington, D.C., USA (East) – iad1
Building: Build machine configuration: 2 cores, 8 GB
Building: Retrieving list of deployment files...
Building: Downloading 659 deployment files...
Building: Restored build cache from previous deployment (9y8WU3D6Xhm7nFhugY3S3dRhddEU)
Building: Running "vercel build"
Building: Vercel CLI 51.6.1
Building: Installing dependencies...
Building: up to date in 1s
Building: 35 packages are looking for funding
Building: run `npm fund` for details
Building: > @figma/my-make-file@0.0.1 build
Building: > vite build
Building: vite v6.3.5 building for production...
Building: transforming...
Building: ✓ 41 modules transformed.
Building: ✗ Build failed in 846ms
Building: error during build:
Building: Could not resolve "../../assets/Pan.png" from "src/app/components/LandingPage.tsx"
Building: file: /vercel/path0/src/app/components/LandingPage.tsx
Building: at getRollupError (file:///vercel/path0/node_modules/rollup/dist/es/shared/parseAst.js:406:41)
Building: at error (file:///vercel/path0/node_modules/rollup/dist/es/shared/parseAst.js:402:42)
Building: at ModuleLoader.handleInvalidResolvedId (file:///vercel/path0/node_modules/rollup/dist/es/shared/node-entry.js:22120:24)
Building: at file:///vercel/path0/node_modules/rollup/dist/es/shared/node-entry.js:22080:26
Building: Error: Command "npm run build" exited with 1
Error: Command "npm run build" exited with 1
